<?xml version="1.0" encoding="UTF-8"?>
<coverage generated="1751474390926" clover="3.2.0">
  <project timestamp="1751474390926" name="All files">
    <metrics statements="177" coveredstatements="130" conditionals="34" coveredconditionals="22" methods="4" coveredmethods="2" elements="215" coveredelements="154" complexity="0" loc="177" ncloc="177" packages="2" files="4" classes="4"/>
    <package name="src">
      <metrics statements="43" coveredstatements="0" conditionals="2" coveredconditionals="0" methods="2" coveredmethods="0"/>
      <file name="App.tsx" path="C:\Users\johan\code\org-sim\src\App.tsx">
        <metrics statements="33" coveredstatements="0" conditionals="1" coveredconditionals="0" methods="1" coveredmethods="0"/>
        <line num="1" count="0" type="cond" truecount="0" falsecount="1"/>
        <line num="2" count="0" type="stmt"/>
        <line num="3" count="0" type="stmt"/>
        <line num="4" count="0" type="stmt"/>
        <line num="5" count="0" type="stmt"/>
        <line num="6" count="0" type="stmt"/>
        <line num="7" count="0" type="stmt"/>
        <line num="8" count="0" type="stmt"/>
        <line num="9" count="0" type="stmt"/>
        <line num="10" count="0" type="stmt"/>
        <line num="11" count="0" type="stmt"/>
        <line num="12" count="0" type="stmt"/>
        <line num="13" count="0" type="stmt"/>
        <line num="14" count="0" type="stmt"/>
        <line num="15" count="0" type="stmt"/>
        <line num="16" count="0" type="stmt"/>
        <line num="17" count="0" type="stmt"/>
        <line num="18" count="0" type="stmt"/>
        <line num="19" count="0" type="stmt"/>
        <line num="20" count="0" type="stmt"/>
        <line num="21" count="0" type="stmt"/>
        <line num="22" count="0" type="stmt"/>
        <line num="23" count="0" type="stmt"/>
        <line num="24" count="0" type="stmt"/>
        <line num="25" count="0" type="stmt"/>
        <line num="26" count="0" type="stmt"/>
        <line num="27" count="0" type="stmt"/>
        <line num="28" count="0" type="stmt"/>
        <line num="29" count="0" type="stmt"/>
        <line num="30" count="0" type="stmt"/>
        <line num="31" count="0" type="stmt"/>
        <line num="32" count="0" type="stmt"/>
        <line num="33" count="0" type="stmt"/>
      </file>
      <file name="main.tsx" path="C:\Users\johan\code\org-sim\src\main.tsx">
        <metrics statements="10" coveredstatements="0" conditionals="1" coveredconditionals="0" methods="1" coveredmethods="0"/>
        <line num="1" count="0" type="cond" truecount="0" falsecount="1"/>
        <line num="2" count="0" type="stmt"/>
        <line num="3" count="0" type="stmt"/>
        <line num="4" count="0" type="stmt"/>
        <line num="5" count="0" type="stmt"/>
        <line num="6" count="0" type="stmt"/>
        <line num="7" count="0" type="stmt"/>
        <line num="8" count="0" type="stmt"/>
        <line num="9" count="0" type="stmt"/>
        <line num="10" count="0" type="stmt"/>
      </file>
    </package>
    <package name="src.simulation">
      <metrics statements="134" coveredstatements="130" conditionals="32" coveredconditionals="22" methods="2" coveredmethods="2"/>
      <file name="state.ts" path="C:\Users\johan\code\org-sim\src\simulation\state.ts">
        <metrics statements="55" coveredstatements="51" conditionals="9" coveredconditionals="8" methods="1" coveredmethods="1"/>
        <line num="1" count="1" type="stmt"/>
        <line num="2" count="1" type="stmt"/>
        <line num="3" count="1" type="stmt"/>
        <line num="4" count="1" type="stmt"/>
        <line num="5" count="1" type="stmt"/>
        <line num="6" count="1" type="stmt"/>
        <line num="7" count="1" type="stmt"/>
        <line num="8" count="1" type="cond" truecount="1" falsecount="0"/>
        <line num="9" count="4" type="stmt"/>
        <line num="10" count="4" type="cond" truecount="1" falsecount="0"/>
        <line num="11" count="20" type="stmt"/>
        <line num="12" count="20" type="stmt"/>
        <line num="13" count="20" type="stmt"/>
        <line num="14" count="4" type="stmt"/>
        <line num="15" count="4" type="stmt"/>
        <line num="16" count="4" type="stmt"/>
        <line num="17" count="4" type="stmt"/>
        <line num="18" count="4" type="stmt"/>
        <line num="19" count="4" type="stmt"/>
        <line num="20" count="4" type="stmt"/>
        <line num="21" count="4" type="cond" truecount="1" falsecount="0"/>
        <line num="22" count="16" type="stmt"/>
        <line num="23" count="16" type="stmt"/>
        <line num="24" count="16" type="stmt"/>
        <line num="25" count="16" type="cond" truecount="1" falsecount="0"/>
        <line num="26" count="26" type="stmt"/>
        <line num="27" count="26" type="cond" truecount="1" falsecount="0"/>
        <line num="28" count="26" type="cond" truecount="1" falsecount="0"/>
        <line num="29" count="16" type="stmt"/>
        <line num="30" count="16" type="stmt"/>
        <line num="31" count="16" type="stmt"/>
        <line num="32" count="26" type="stmt"/>
        <line num="33" count="16" type="cond" truecount="0" falsecount="1"/>
        <line num="34" count="0" type="stmt"/>
        <line num="35" count="0" type="stmt"/>
        <line num="36" count="0" type="stmt"/>
        <line num="37" count="0" type="stmt"/>
        <line num="38" count="16" type="stmt"/>
        <line num="39" count="16" type="stmt"/>
        <line num="40" count="16" type="stmt"/>
        <line num="41" count="16" type="cond" truecount="2" falsecount="0"/>
        <line num="42" count="8" type="stmt"/>
        <line num="43" count="8" type="stmt"/>
        <line num="44" count="16" type="stmt"/>
        <line num="45" count="16" type="stmt"/>
        <line num="46" count="16" type="stmt"/>
        <line num="47" count="16" type="stmt"/>
        <line num="48" count="4" type="stmt"/>
        <line num="49" count="4" type="stmt"/>
        <line num="50" count="4" type="stmt"/>
        <line num="51" count="4" type="stmt"/>
        <line num="52" count="4" type="stmt"/>
        <line num="53" count="4" type="stmt"/>
        <line num="54" count="4" type="stmt"/>
        <line num="55" count="4" type="stmt"/>
      </file>
      <file name="visualization.tsx" path="C:\Users\johan\code\org-sim\src\simulation\visualization.tsx">
        <metrics statements="79" coveredstatements="79" conditionals="23" coveredconditionals="14" methods="1" coveredmethods="1"/>
        <line num="1" count="1" type="stmt"/>
        <line num="2" count="1" type="stmt"/>
        <line num="3" count="1" type="stmt"/>
        <line num="4" count="1" type="stmt"/>
        <line num="5" count="1" type="stmt"/>
        <line num="6" count="1" type="stmt"/>
        <line num="7" count="1" type="stmt"/>
        <line num="8" count="1" type="stmt"/>
        <line num="9" count="1" type="cond" truecount="1" falsecount="0"/>
        <line num="10" count="1" type="stmt"/>
        <line num="11" count="1" type="stmt"/>
        <line num="12" count="1" type="cond" truecount="1" falsecount="0"/>
        <line num="13" count="1" type="cond" truecount="0" falsecount="1"/>
        <line num="14" count="1" type="stmt"/>
        <line num="15" count="1" type="stmt"/>
        <line num="16" count="1" type="cond" truecount="0" falsecount="1"/>
        <line num="17" count="1" type="cond" truecount="0" falsecount="1"/>
        <line num="18" count="1" type="stmt"/>
        <line num="19" count="1" type="stmt"/>
        <line num="20" count="1" type="stmt"/>
        <line num="21" count="1" type="stmt"/>
        <line num="22" count="1" type="stmt"/>
        <line num="23" count="1" type="stmt"/>
        <line num="24" count="1" type="cond" truecount="1" falsecount="0"/>
        <line num="25" count="1" type="stmt"/>
        <line num="26" count="1" type="stmt"/>
        <line num="27" count="1" type="stmt"/>
        <line num="28" count="1" type="stmt"/>
        <line num="29" count="1" type="stmt"/>
        <line num="30" count="1" type="cond" truecount="1" falsecount="0"/>
        <line num="31" count="1" type="stmt"/>
        <line num="32" count="1" type="stmt"/>
        <line num="33" count="1" type="stmt"/>
        <line num="34" count="1" type="stmt"/>
        <line num="35" count="1" type="stmt"/>
        <line num="36" count="1" type="stmt"/>
        <line num="37" count="1" type="stmt"/>
        <line num="38" count="1" type="stmt"/>
        <line num="39" count="1" type="stmt"/>
        <line num="40" count="1" type="stmt"/>
        <line num="41" count="1" type="cond" truecount="1" falsecount="0"/>
        <line num="42" count="4" type="cond" truecount="1" falsecount="0"/>
        <line num="43" count="4" type="cond" truecount="0" falsecount="1"/>
        <line num="44" count="4" type="stmt"/>
        <line num="45" count="1" type="cond" truecount="1" falsecount="0"/>
        <line num="46" count="4" type="cond" truecount="1" falsecount="0"/>
        <line num="47" count="4" type="cond" truecount="0" falsecount="1"/>
        <line num="48" count="4" type="stmt"/>
        <line num="49" count="1" type="cond" truecount="1" falsecount="0"/>
        <line num="50" count="4" type="cond" truecount="1" falsecount="0"/>
        <line num="51" count="4" type="cond" truecount="0" falsecount="1"/>
        <line num="52" count="4" type="stmt"/>
        <line num="53" count="1" type="cond" truecount="1" falsecount="0"/>
        <line num="54" count="4" type="cond" truecount="1" falsecount="0"/>
        <line num="55" count="4" type="cond" truecount="0" falsecount="1"/>
        <line num="56" count="4" type="stmt"/>
        <line num="57" count="1" type="stmt"/>
        <line num="58" count="1" type="stmt"/>
        <line num="59" count="1" type="stmt"/>
        <line num="60" count="1" type="stmt"/>
        <line num="61" count="1" type="stmt"/>
        <line num="62" count="1" type="stmt"/>
        <line num="63" count="1" type="stmt"/>
        <line num="64" count="1" type="stmt"/>
        <line num="65" count="1" type="stmt"/>
        <line num="66" count="1" type="stmt"/>
        <line num="67" count="1" type="cond" truecount="1" falsecount="1"/>
        <line num="68" count="1" type="cond" truecount="1" falsecount="1"/>
        <line num="69" count="1" type="stmt"/>
        <line num="70" count="1" type="stmt"/>
        <line num="71" count="1" type="stmt"/>
        <line num="72" count="1" type="stmt"/>
        <line num="73" count="1" type="stmt"/>
        <line num="74" count="1" type="stmt"/>
        <line num="75" count="1" type="stmt"/>
        <line num="76" count="1" type="stmt"/>
        <line num="77" count="1" type="stmt"/>
        <line num="78" count="1" type="stmt"/>
        <line num="79" count="1" type="stmt"/>
      </file>
    </package>
  </project>
</coverage>
