{"C:\\Users\\johan\\code\\org-sim\\src\\App.tsx": {"path":"C:\\Users\\johan\\code\\org-sim\\src\\App.tsx","all":true,"statementMap":{"0":{"start":{"line":1,"column":0},"end":{"line":1,"column":32}},"1":{"start":{"line":2,"column":0},"end":{"line":2,"column":18}},"2":{"start":{"line":3,"column":0},"end":{"line":3,"column":58}},"3":{"start":{"line":4,"column":0},"end":{"line":4,"column":66}},"4":{"start":{"line":5,"column":0},"end":{"line":5,"column":0}},"5":{"start":{"line":6,"column":0},"end":{"line":6,"column":16}},"6":{"start":{"line":7,"column":0},"end":{"line":7,"column":44}},"7":{"start":{"line":8,"column":0},"end":{"line":8,"column":63}},"8":{"start":{"line":9,"column":0},"end":{"line":9,"column":0}},"9":{"start":{"line":10,"column":0},"end":{"line":10,"column":10}},"10":{"start":{"line":11,"column":0},"end":{"line":11,"column":6}},"11":{"start":{"line":12,"column":0},"end":{"line":12,"column":40}},"12":{"start":{"line":13,"column":0},"end":{"line":13,"column":56}},"13":{"start":{"line":14,"column":0},"end":{"line":14,"column":41}},"14":{"start":{"line":15,"column":0},"end":{"line":15,"column":46}},"15":{"start":{"line":16,"column":0},"end":{"line":16,"column":77}},"16":{"start":{"line":17,"column":0},"end":{"line":17,"column":16}},"17":{"start":{"line":18,"column":0},"end":{"line":18,"column":30}},"18":{"start":{"line":19,"column":0},"end":{"line":19,"column":24}},"19":{"start":{"line":20,"column":0},"end":{"line":20,"column":19}},"20":{"start":{"line":21,"column":0},"end":{"line":21,"column":20}},"21":{"start":{"line":22,"column":0},"end":{"line":22,"column":27}},"22":{"start":{"line":23,"column":0},"end":{"line":23,"column":66}},"23":{"start":{"line":24,"column":0},"end":{"line":24,"column":58}},"24":{"start":{"line":25,"column":0},"end":{"line":25,"column":12}},"25":{"start":{"line":26,"column":0},"end":{"line":26,"column":14}},"26":{"start":{"line":27,"column":0},"end":{"line":27,"column":46}},"27":{"start":{"line":28,"column":0},"end":{"line":28,"column":12}},"28":{"start":{"line":29,"column":0},"end":{"line":29,"column":7}},"29":{"start":{"line":30,"column":0},"end":{"line":30,"column":3}},"30":{"start":{"line":31,"column":0},"end":{"line":31,"column":1}},"31":{"start":{"line":32,"column":0},"end":{"line":32,"column":0}},"32":{"start":{"line":33,"column":0},"end":{"line":33,"column":18}}},"s":{"0":0,"1":0,"2":0,"3":0,"4":0,"5":0,"6":0,"7":0,"8":0,"9":0,"10":0,"11":0,"12":0,"13":0,"14":0,"15":0,"16":0,"17":0,"18":0,"19":0,"20":0,"21":0,"22":0,"23":0,"24":0,"25":0,"26":0,"27":0,"28":0,"29":0,"30":0,"31":0,"32":0},"branchMap":{"0":{"type":"branch","line":1,"loc":{"start":{"line":1,"column":0},"end":{"line":33,"column":18}},"locations":[{"start":{"line":1,"column":0},"end":{"line":33,"column":18}}]}},"b":{"0":[0]},"fnMap":{"0":{"name":"(empty-report)","decl":{"start":{"line":1,"column":0},"end":{"line":33,"column":18}},"loc":{"start":{"line":1,"column":0},"end":{"line":33,"column":18}},"line":1}},"f":{"0":0}}
,"C:\\Users\\johan\\code\\org-sim\\src\\main.tsx": {"path":"C:\\Users\\johan\\code\\org-sim\\src\\main.tsx","all":true,"statementMap":{"0":{"start":{"line":1,"column":0},"end":{"line":1,"column":34}},"1":{"start":{"line":2,"column":0},"end":{"line":2,"column":45}},"2":{"start":{"line":3,"column":0},"end":{"line":3,"column":20}},"3":{"start":{"line":4,"column":0},"end":{"line":4,"column":27}},"4":{"start":{"line":5,"column":0},"end":{"line":5,"column":0}},"5":{"start":{"line":6,"column":0},"end":{"line":6,"column":52}},"6":{"start":{"line":7,"column":0},"end":{"line":7,"column":14}},"7":{"start":{"line":8,"column":0},"end":{"line":8,"column":11}},"8":{"start":{"line":9,"column":0},"end":{"line":9,"column":16}},"9":{"start":{"line":10,"column":0},"end":{"line":10,"column":1}}},"s":{"0":0,"1":0,"2":0,"3":0,"4":0,"5":0,"6":0,"7":0,"8":0,"9":0},"branchMap":{"0":{"type":"branch","line":1,"loc":{"start":{"line":1,"column":0},"end":{"line":10,"column":1}},"locations":[{"start":{"line":1,"column":0},"end":{"line":10,"column":1}}]}},"b":{"0":[0]},"fnMap":{"0":{"name":"(empty-report)","decl":{"start":{"line":1,"column":0},"end":{"line":10,"column":1}},"loc":{"start":{"line":1,"column":0},"end":{"line":10,"column":1}},"line":1}},"f":{"0":0}}
,"C:\\Users\\johan\\code\\org-sim\\src\\simulation\\state.ts": {"path":"C:\\Users\\johan\\code\\org-sim\\src\\simulation\\state.ts","all":false,"statementMap":{"0":{"start":{"line":1,"column":0},"end":{"line":1,"column":38}},"1":{"start":{"line":2,"column":0},"end":{"line":2,"column":10}},"2":{"start":{"line":3,"column":0},"end":{"line":3,"column":57}},"3":{"start":{"line":4,"column":0},"end":{"line":4,"column":53}},"4":{"start":{"line":5,"column":0},"end":{"line":5,"column":4}},"5":{"start":{"line":6,"column":0},"end":{"line":6,"column":1}},"6":{"start":{"line":7,"column":0},"end":{"line":7,"column":0}},"7":{"start":{"line":8,"column":0},"end":{"line":8,"column":135}},"8":{"start":{"line":9,"column":0},"end":{"line":9,"column":51}},"9":{"start":{"line":10,"column":0},"end":{"line":10,"column":58}},"10":{"start":{"line":11,"column":0},"end":{"line":11,"column":7}},"11":{"start":{"line":12,"column":0},"end":{"line":12,"column":44}},"12":{"start":{"line":13,"column":0},"end":{"line":13,"column":6}},"13":{"start":{"line":14,"column":0},"end":{"line":14,"column":0}},"14":{"start":{"line":15,"column":0},"end":{"line":15,"column":57}},"15":{"start":{"line":16,"column":0},"end":{"line":16,"column":19}},"16":{"start":{"line":17,"column":0},"end":{"line":17,"column":17}},"17":{"start":{"line":18,"column":0},"end":{"line":18,"column":72}},"18":{"start":{"line":19,"column":0},"end":{"line":19,"column":116}},"19":{"start":{"line":20,"column":0},"end":{"line":20,"column":66}},"20":{"start":{"line":21,"column":0},"end":{"line":21,"column":36}},"21":{"start":{"line":22,"column":0},"end":{"line":22,"column":73}},"22":{"start":{"line":23,"column":0},"end":{"line":23,"column":31}},"23":{"start":{"line":24,"column":0},"end":{"line":24,"column":81}},"24":{"start":{"line":25,"column":0},"end":{"line":25,"column":58}},"25":{"start":{"line":26,"column":0},"end":{"line":26,"column":45}},"26":{"start":{"line":27,"column":0},"end":{"line":27,"column":82}},"27":{"start":{"line":28,"column":0},"end":{"line":28,"column":53}},"28":{"start":{"line":29,"column":0},"end":{"line":29,"column":36}},"29":{"start":{"line":30,"column":0},"end":{"line":30,"column":16}},"30":{"start":{"line":31,"column":0},"end":{"line":31,"column":9}},"31":{"start":{"line":32,"column":0},"end":{"line":32,"column":7}},"32":{"start":{"line":33,"column":0},"end":{"line":33,"column":35}},"33":{"start":{"line":34,"column":0},"end":{"line":34,"column":99}},"34":{"start":{"line":35,"column":0},"end":{"line":35,"column":47}},"35":{"start":{"line":36,"column":0},"end":{"line":36,"column":105}},"36":{"start":{"line":37,"column":0},"end":{"line":37,"column":7}},"37":{"start":{"line":38,"column":0},"end":{"line":38,"column":57}},"38":{"start":{"line":39,"column":0},"end":{"line":39,"column":73}},"39":{"start":{"line":40,"column":0},"end":{"line":40,"column":80}},"40":{"start":{"line":41,"column":0},"end":{"line":41,"column":99}},"41":{"start":{"line":42,"column":0},"end":{"line":42,"column":84}},"42":{"start":{"line":43,"column":0},"end":{"line":43,"column":7}},"43":{"start":{"line":44,"column":0},"end":{"line":44,"column":68}},"44":{"start":{"line":45,"column":0},"end":{"line":45,"column":5}},"45":{"start":{"line":46,"column":0},"end":{"line":46,"column":39}},"46":{"start":{"line":47,"column":0},"end":{"line":47,"column":3}},"47":{"start":{"line":48,"column":0},"end":{"line":48,"column":0}},"48":{"start":{"line":49,"column":0},"end":{"line":49,"column":10}},"49":{"start":{"line":50,"column":0},"end":{"line":50,"column":12}},"50":{"start":{"line":51,"column":0},"end":{"line":51,"column":12}},"51":{"start":{"line":52,"column":0},"end":{"line":52,"column":12}},"52":{"start":{"line":53,"column":0},"end":{"line":53,"column":6}},"53":{"start":{"line":54,"column":0},"end":{"line":54,"column":4}},"54":{"start":{"line":55,"column":0},"end":{"line":55,"column":1}}},"s":{"0":1,"1":1,"2":1,"3":1,"4":1,"5":1,"6":1,"7":1,"8":4,"9":4,"10":20,"11":20,"12":20,"13":4,"14":4,"15":4,"16":4,"17":4,"18":4,"19":4,"20":4,"21":16,"22":16,"23":16,"24":16,"25":26,"26":26,"27":26,"28":16,"29":16,"30":16,"31":26,"32":16,"33":0,"34":0,"35":0,"36":0,"37":16,"38":16,"39":16,"40":16,"41":8,"42":8,"43":16,"44":16,"45":16,"46":16,"47":4,"48":4,"49":4,"50":4,"51":4,"52":4,"53":4,"54":4},"branchMap":{"0":{"type":"branch","line":8,"loc":{"start":{"line":8,"column":7},"end":{"line":55,"column":1}},"locations":[{"start":{"line":8,"column":7},"end":{"line":55,"column":1}}]},"1":{"type":"branch","line":21,"loc":{"start":{"line":21,"column":35},"end":{"line":47,"column":3}},"locations":[{"start":{"line":21,"column":35},"end":{"line":47,"column":3}}]},"2":{"type":"branch","line":25,"loc":{"start":{"line":25,"column":57},"end":{"line":33,"column":34}},"locations":[{"start":{"line":25,"column":57},"end":{"line":33,"column":34}}]},"3":{"type":"branch","line":28,"loc":{"start":{"line":28,"column":52},"end":{"line":31,"column":9}},"locations":[{"start":{"line":28,"column":52},"end":{"line":31,"column":9}}]},"4":{"type":"branch","line":33,"loc":{"start":{"line":33,"column":34},"end":{"line":37,"column":7}},"locations":[{"start":{"line":33,"column":34},"end":{"line":37,"column":7}}]},"5":{"type":"branch","line":41,"loc":{"start":{"line":41,"column":98},"end":{"line":43,"column":7}},"locations":[{"start":{"line":41,"column":98},"end":{"line":43,"column":7}}]},"6":{"type":"branch","line":10,"loc":{"start":{"line":10,"column":45},"end":{"line":13,"column":6}},"locations":[{"start":{"line":10,"column":45},"end":{"line":13,"column":6}}]},"7":{"type":"branch","line":27,"loc":{"start":{"line":27,"column":42},"end":{"line":27,"column":75}},"locations":[{"start":{"line":27,"column":42},"end":{"line":27,"column":75}}]},"8":{"type":"branch","line":41,"loc":{"start":{"line":41,"column":23},"end":{"line":41,"column":64}},"locations":[{"start":{"line":41,"column":23},"end":{"line":41,"column":64}}]}},"b":{"0":[4],"1":[16],"2":[26],"3":[16],"4":[0],"5":[8],"6":[20],"7":[61],"8":[44]},"fnMap":{"0":{"name":"initializeOrganizationalState","decl":{"start":{"line":8,"column":7},"end":{"line":55,"column":1}},"loc":{"start":{"line":8,"column":7},"end":{"line":55,"column":1}},"line":8}},"f":{"0":4}}
,"C:\\Users\\johan\\code\\org-sim\\src\\simulation\\visualization.tsx": {"path":"C:\\Users\\johan\\code\\org-sim\\src\\simulation\\visualization.tsx","all":false,"statementMap":{"0":{"start":{"line":1,"column":0},"end":{"line":1,"column":31}},"1":{"start":{"line":2,"column":0},"end":{"line":2,"column":25}},"2":{"start":{"line":3,"column":0},"end":{"line":3,"column":51}},"3":{"start":{"line":4,"column":0},"end":{"line":4,"column":0}},"4":{"start":{"line":5,"column":0},"end":{"line":5,"column":34}},"5":{"start":{"line":6,"column":0},"end":{"line":6,"column":29}},"6":{"start":{"line":7,"column":0},"end":{"line":7,"column":1}},"7":{"start":{"line":8,"column":0},"end":{"line":8,"column":0}},"8":{"start":{"line":9,"column":0},"end":{"line":9,"column":76}},"9":{"start":{"line":10,"column":0},"end":{"line":10,"column":51}},"10":{"start":{"line":11,"column":0},"end":{"line":11,"column":0}},"11":{"start":{"line":12,"column":0},"end":{"line":12,"column":25}},"12":{"start":{"line":13,"column":0},"end":{"line":13,"column":42}},"13":{"start":{"line":14,"column":0},"end":{"line":14,"column":0}},"14":{"start":{"line":15,"column":0},"end":{"line":15,"column":42}},"15":{"start":{"line":16,"column":0},"end":{"line":16,"column":49}},"16":{"start":{"line":17,"column":0},"end":{"line":17,"column":51}},"17":{"start":{"line":18,"column":0},"end":{"line":18,"column":0}},"18":{"start":{"line":19,"column":0},"end":{"line":19,"column":31}},"19":{"start":{"line":20,"column":0},"end":{"line":20,"column":32}},"20":{"start":{"line":21,"column":0},"end":{"line":21,"column":0}},"21":{"start":{"line":22,"column":0},"end":{"line":22,"column":43}},"22":{"start":{"line":23,"column":0},"end":{"line":23,"column":88}},"23":{"start":{"line":24,"column":0},"end":{"line":24,"column":87}},"24":{"start":{"line":25,"column":0},"end":{"line":25,"column":56}},"25":{"start":{"line":26,"column":0},"end":{"line":26,"column":61}},"26":{"start":{"line":27,"column":0},"end":{"line":27,"column":14}},"27":{"start":{"line":28,"column":0},"end":{"line":28,"column":0}},"28":{"start":{"line":29,"column":0},"end":{"line":29,"column":69}},"29":{"start":{"line":30,"column":0},"end":{"line":30,"column":52}},"30":{"start":{"line":31,"column":0},"end":{"line":31,"column":0}},"31":{"start":{"line":32,"column":0},"end":{"line":32,"column":17}},"32":{"start":{"line":33,"column":0},"end":{"line":33,"column":19}},"33":{"start":{"line":34,"column":0},"end":{"line":34,"column":29}},"34":{"start":{"line":35,"column":0},"end":{"line":35,"column":32}},"35":{"start":{"line":36,"column":0},"end":{"line":36,"column":24}},"36":{"start":{"line":37,"column":0},"end":{"line":37,"column":30}},"37":{"start":{"line":38,"column":0},"end":{"line":38,"column":14}},"38":{"start":{"line":39,"column":0},"end":{"line":39,"column":21}},"39":{"start":{"line":40,"column":0},"end":{"line":40,"column":38}},"40":{"start":{"line":41,"column":0},"end":{"line":41,"column":31}},"41":{"start":{"line":42,"column":0},"end":{"line":42,"column":74}},"42":{"start":{"line":43,"column":0},"end":{"line":43,"column":43}},"43":{"start":{"line":44,"column":0},"end":{"line":44,"column":8}},"44":{"start":{"line":45,"column":0},"end":{"line":45,"column":31}},"45":{"start":{"line":46,"column":0},"end":{"line":46,"column":74}},"46":{"start":{"line":47,"column":0},"end":{"line":47,"column":43}},"47":{"start":{"line":48,"column":0},"end":{"line":48,"column":8}},"48":{"start":{"line":49,"column":0},"end":{"line":49,"column":31}},"49":{"start":{"line":50,"column":0},"end":{"line":50,"column":74}},"50":{"start":{"line":51,"column":0},"end":{"line":51,"column":43}},"51":{"start":{"line":52,"column":0},"end":{"line":52,"column":8}},"52":{"start":{"line":53,"column":0},"end":{"line":53,"column":31}},"53":{"start":{"line":54,"column":0},"end":{"line":54,"column":74}},"54":{"start":{"line":55,"column":0},"end":{"line":55,"column":43}},"55":{"start":{"line":56,"column":0},"end":{"line":56,"column":9}},"56":{"start":{"line":57,"column":0},"end":{"line":57,"column":0}},"57":{"start":{"line":58,"column":0},"end":{"line":58,"column":17}},"58":{"start":{"line":59,"column":0},"end":{"line":59,"column":19}},"59":{"start":{"line":60,"column":0},"end":{"line":60,"column":30}},"60":{"start":{"line":61,"column":0},"end":{"line":61,"column":26}},"61":{"start":{"line":62,"column":0},"end":{"line":62,"column":58}},"62":{"start":{"line":63,"column":0},"end":{"line":63,"column":14}},"63":{"start":{"line":64,"column":0},"end":{"line":64,"column":23}},"64":{"start":{"line":65,"column":0},"end":{"line":65,"column":38}},"65":{"start":{"line":66,"column":0},"end":{"line":66,"column":19}},"66":{"start":{"line":67,"column":0},"end":{"line":67,"column":39}},"67":{"start":{"line":68,"column":0},"end":{"line":68,"column":40}},"68":{"start":{"line":69,"column":0},"end":{"line":69,"column":0}},"69":{"start":{"line":70,"column":0},"end":{"line":70,"column":14}},"70":{"start":{"line":71,"column":0},"end":{"line":71,"column":0}},"71":{"start":{"line":72,"column":0},"end":{"line":72,"column":10}},"72":{"start":{"line":73,"column":0},"end":{"line":73,"column":52}},"73":{"start":{"line":74,"column":0},"end":{"line":74,"column":97}},"74":{"start":{"line":75,"column":0},"end":{"line":75,"column":10}},"75":{"start":{"line":76,"column":0},"end":{"line":76,"column":4}},"76":{"start":{"line":77,"column":0},"end":{"line":77,"column":2}},"77":{"start":{"line":78,"column":0},"end":{"line":78,"column":0}},"78":{"start":{"line":79,"column":0},"end":{"line":79,"column":33}}},"s":{"0":1,"1":1,"2":1,"3":1,"4":1,"5":1,"6":1,"7":1,"8":1,"9":1,"10":1,"11":1,"12":1,"13":1,"14":1,"15":1,"16":1,"17":1,"18":1,"19":1,"20":1,"21":1,"22":1,"23":1,"24":1,"25":1,"26":1,"27":1,"28":1,"29":1,"30":1,"31":1,"32":1,"33":1,"34":1,"35":1,"36":1,"37":1,"38":1,"39":1,"40":1,"41":4,"42":4,"43":4,"44":1,"45":4,"46":4,"47":4,"48":1,"49":4,"50":4,"51":4,"52":1,"53":4,"54":4,"55":4,"56":1,"57":1,"58":1,"59":1,"60":1,"61":1,"62":1,"63":1,"64":1,"65":1,"66":1,"67":1,"68":1,"69":1,"70":1,"71":1,"72":1,"73":1,"74":1,"75":1,"76":1,"77":1,"78":1},"branchMap":{"0":{"type":"branch","line":9,"loc":{"start":{"line":9,"column":60},"end":{"line":77,"column":2}},"locations":[{"start":{"line":9,"column":60},"end":{"line":77,"column":2}}]},"1":{"type":"branch","line":12,"loc":{"start":{"line":12,"column":18},"end":{"line":70,"column":5}},"locations":[{"start":{"line":12,"column":18},"end":{"line":70,"column":5}}]},"2":{"type":"branch","line":13,"loc":{"start":{"line":13,"column":35},"end":{"line":13,"column":42}},"locations":[{"start":{"line":13,"column":35},"end":{"line":13,"column":42}}]},"3":{"type":"branch","line":16,"loc":{"start":{"line":16,"column":18},"end":{"line":16,"column":22}},"locations":[{"start":{"line":16,"column":18},"end":{"line":16,"column":22}}]},"4":{"type":"branch","line":17,"loc":{"start":{"line":17,"column":19},"end":{"line":17,"column":23}},"locations":[{"start":{"line":17,"column":19},"end":{"line":17,"column":23}}]},"5":{"type":"branch","line":30,"loc":{"start":{"line":30,"column":34},"end":{"line":30,"column":52}},"locations":[{"start":{"line":30,"column":34},"end":{"line":30,"column":52}}]},"6":{"type":"branch","line":24,"loc":{"start":{"line":24,"column":56},"end":{"line":24,"column":72}},"locations":[{"start":{"line":24,"column":56},"end":{"line":24,"column":72}}]},"7":{"type":"branch","line":41,"loc":{"start":{"line":41,"column":18},"end":{"line":44,"column":8}},"locations":[{"start":{"line":41,"column":18},"end":{"line":44,"column":8}}]},"8":{"type":"branch","line":43,"loc":{"start":{"line":43,"column":16},"end":{"line":43,"column":37}},"locations":[{"start":{"line":43,"column":16},"end":{"line":43,"column":37}}]},"9":{"type":"branch","line":42,"loc":{"start":{"line":42,"column":50},"end":{"line":42,"column":72}},"locations":[{"start":{"line":42,"column":50},"end":{"line":42,"column":72}}]},"10":{"type":"branch","line":45,"loc":{"start":{"line":45,"column":18},"end":{"line":48,"column":8}},"locations":[{"start":{"line":45,"column":18},"end":{"line":48,"column":8}}]},"11":{"type":"branch","line":47,"loc":{"start":{"line":47,"column":16},"end":{"line":47,"column":37}},"locations":[{"start":{"line":47,"column":16},"end":{"line":47,"column":37}}]},"12":{"type":"branch","line":46,"loc":{"start":{"line":46,"column":50},"end":{"line":46,"column":72}},"locations":[{"start":{"line":46,"column":50},"end":{"line":46,"column":72}}]},"13":{"type":"branch","line":49,"loc":{"start":{"line":49,"column":18},"end":{"line":52,"column":8}},"locations":[{"start":{"line":49,"column":18},"end":{"line":52,"column":8}}]},"14":{"type":"branch","line":51,"loc":{"start":{"line":51,"column":16},"end":{"line":51,"column":37}},"locations":[{"start":{"line":51,"column":16},"end":{"line":51,"column":37}}]},"15":{"type":"branch","line":50,"loc":{"start":{"line":50,"column":50},"end":{"line":50,"column":72}},"locations":[{"start":{"line":50,"column":50},"end":{"line":50,"column":72}}]},"16":{"type":"branch","line":53,"loc":{"start":{"line":53,"column":18},"end":{"line":56,"column":9}},"locations":[{"start":{"line":53,"column":18},"end":{"line":56,"column":9}}]},"17":{"type":"branch","line":55,"loc":{"start":{"line":55,"column":16},"end":{"line":55,"column":37}},"locations":[{"start":{"line":55,"column":16},"end":{"line":55,"column":37}}]},"18":{"type":"branch","line":54,"loc":{"start":{"line":54,"column":50},"end":{"line":54,"column":72}},"locations":[{"start":{"line":54,"column":50},"end":{"line":54,"column":72}}]},"19":{"type":"branch","line":67,"loc":{"start":{"line":67,"column":18},"end":{"line":67,"column":39}},"locations":[{"start":{"line":67,"column":18},"end":{"line":67,"column":39}}]},"20":{"type":"branch","line":67,"loc":{"start":{"line":67,"column":33},"end":{"line":67,"column":39}},"locations":[{"start":{"line":67,"column":33},"end":{"line":67,"column":39}}]},"21":{"type":"branch","line":68,"loc":{"start":{"line":68,"column":18},"end":{"line":68,"column":40}},"locations":[{"start":{"line":68,"column":18},"end":{"line":68,"column":40}}]},"22":{"type":"branch","line":68,"loc":{"start":{"line":68,"column":33},"end":{"line":68,"column":40}},"locations":[{"start":{"line":68,"column":33},"end":{"line":68,"column":40}}]}},"b":{"0":[1],"1":[1],"2":[0],"3":[0],"4":[0],"5":[300],"6":[5],"7":[4],"8":[0],"9":[20],"10":[4],"11":[0],"12":[20],"13":[4],"14":[0],"15":[20],"16":[4],"17":[0],"18":[20],"19":[5],"20":[0],"21":[5],"22":[0]},"fnMap":{"0":{"name":"OrganizationGraph","decl":{"start":{"line":9,"column":60},"end":{"line":77,"column":2}},"loc":{"start":{"line":9,"column":60},"end":{"line":77,"column":2}},"line":9}},"f":{"0":1}}
}
