TN:
SF:src\App.tsx
FN:1,(empty-report)
FNF:1
FNH:0
FNDA:0,(empty-report)
DA:1,0
DA:2,0
DA:3,0
DA:4,0
DA:5,0
DA:6,0
DA:7,0
DA:8,0
DA:9,0
DA:10,0
DA:11,0
DA:12,0
DA:13,0
DA:14,0
DA:15,0
DA:16,0
DA:17,0
DA:18,0
DA:19,0
DA:20,0
DA:21,0
DA:22,0
DA:23,0
DA:24,0
DA:25,0
DA:26,0
DA:27,0
DA:28,0
DA:29,0
DA:30,0
DA:31,0
DA:32,0
DA:33,0
LF:33
LH:0
BRDA:1,0,0,0
BRF:1
BRH:0
end_of_record
TN:
SF:src\main.tsx
FN:1,(empty-report)
FNF:1
FNH:0
FNDA:0,(empty-report)
DA:1,0
DA:2,0
DA:3,0
DA:4,0
DA:5,0
DA:6,0
DA:7,0
DA:8,0
DA:9,0
DA:10,0
LF:10
LH:0
BRDA:1,0,0,0
BRF:1
BRH:0
end_of_record
TN:
SF:src\simulation\state.ts
FN:8,initializeOrganizationalState
FNF:1
FNH:1
FNDA:4,initializeOrganizationalState
DA:1,1
DA:2,1
DA:3,1
DA:4,1
DA:5,1
DA:6,1
DA:7,1
DA:8,1
DA:9,4
DA:10,4
DA:11,20
DA:12,20
DA:13,20
DA:14,4
DA:15,4
DA:16,4
DA:17,4
DA:18,4
DA:19,4
DA:20,4
DA:21,4
DA:22,16
DA:23,16
DA:24,16
DA:25,16
DA:26,26
DA:27,26
DA:28,26
DA:29,16
DA:30,16
DA:31,16
DA:32,26
DA:33,16
DA:34,0
DA:35,0
DA:36,0
DA:37,0
DA:38,16
DA:39,16
DA:40,16
DA:41,16
DA:42,8
DA:43,8
DA:44,16
DA:45,16
DA:46,16
DA:47,16
DA:48,4
DA:49,4
DA:50,4
DA:51,4
DA:52,4
DA:53,4
DA:54,4
DA:55,4
LF:55
LH:51
BRDA:8,0,0,4
BRDA:21,1,0,16
BRDA:25,2,0,26
BRDA:28,3,0,16
BRDA:33,4,0,0
BRDA:41,5,0,8
BRDA:10,6,0,20
BRDA:27,7,0,61
BRDA:41,8,0,44
BRF:9
BRH:8
end_of_record
TN:
SF:src\simulation\visualization.tsx
FN:9,OrganizationGraph
FNF:1
FNH:1
FNDA:1,OrganizationGraph
DA:1,1
DA:2,1
DA:3,1
DA:4,1
DA:5,1
DA:6,1
DA:7,1
DA:8,1
DA:9,1
DA:10,1
DA:11,1
DA:12,1
DA:13,1
DA:14,1
DA:15,1
DA:16,1
DA:17,1
DA:18,1
DA:19,1
DA:20,1
DA:21,1
DA:22,1
DA:23,1
DA:24,1
DA:25,1
DA:26,1
DA:27,1
DA:28,1
DA:29,1
DA:30,1
DA:31,1
DA:32,1
DA:33,1
DA:34,1
DA:35,1
DA:36,1
DA:37,1
DA:38,1
DA:39,1
DA:40,1
DA:41,1
DA:42,4
DA:43,4
DA:44,4
DA:45,1
DA:46,4
DA:47,4
DA:48,4
DA:49,1
DA:50,4
DA:51,4
DA:52,4
DA:53,1
DA:54,4
DA:55,4
DA:56,4
DA:57,1
DA:58,1
DA:59,1
DA:60,1
DA:61,1
DA:62,1
DA:63,1
DA:64,1
DA:65,1
DA:66,1
DA:67,1
DA:68,1
DA:69,1
DA:70,1
DA:71,1
DA:72,1
DA:73,1
DA:74,1
DA:75,1
DA:76,1
DA:77,1
DA:78,1
DA:79,1
LF:79
LH:79
BRDA:9,0,0,1
BRDA:12,1,0,1
BRDA:13,2,0,0
BRDA:16,3,0,0
BRDA:17,4,0,0
BRDA:30,5,0,300
BRDA:24,6,0,5
BRDA:41,7,0,4
BRDA:43,8,0,0
BRDA:42,9,0,20
BRDA:45,10,0,4
BRDA:47,11,0,0
BRDA:46,12,0,20
BRDA:49,13,0,4
BRDA:51,14,0,0
BRDA:50,15,0,20
BRDA:53,16,0,4
BRDA:55,17,0,0
BRDA:54,18,0,20
BRDA:67,19,0,5
BRDA:67,20,0,0
BRDA:68,21,0,5
BRDA:68,22,0,0
BRF:23
BRH:14
end_of_record
